<?xml version="1.0" encoding="UTF-8"?>
<coverage generated="1778666398133" clover="3.2.0">
  <project timestamp="1778666398133" name="All files">
    <metrics statements="46" coveredstatements="38" conditionals="23" coveredconditionals="13" methods="18" coveredmethods="17" elements="87" coveredelements="68" complexity="0" loc="46" ncloc="46" packages="2" files="2" classes="2"/>
    <package name="Context">
      <metrics statements="29" coveredstatements="22" conditionals="10" coveredconditionals="5" methods="14" coveredmethods="13"/>
      <file name="FavorisContext.jsx" path="C:\b-iconique\frontend\src\Context\FavorisContext.jsx">
        <metrics statements="29" coveredstatements="22" conditionals="10" coveredconditionals="5" methods="14" coveredmethods="13"/>
        <line num="4" count="1" type="stmt"/>
        <line num="7" count="9" type="stmt"/>
        <line num="11" count="10" type="cond" truecount="1" falsecount="1"/>
        <line num="15" count="9" type="stmt"/>
        <line num="16" count="9" type="stmt"/>
        <line num="17" count="5" type="stmt"/>
        <line num="18" count="5" type="cond" truecount="2" falsecount="0"/>
        <line num="19" count="0" type="stmt"/>
        <line num="22" count="9" type="stmt"/>
        <line num="23" count="5" type="stmt"/>
        <line num="24" count="0" type="stmt"/>
        <line num="25" count="0" type="cond" truecount="0" falsecount="2"/>
        <line num="26" count="0" type="stmt"/>
        <line num="27" count="0" type="stmt"/>
        <line num="28" count="0" type="cond" truecount="0" falsecount="2"/>
        <line num="29" count="0" type="stmt"/>
        <line num="32" count="5" type="stmt"/>
        <line num="33" count="5" type="stmt"/>
        <line num="34" count="5" type="stmt"/>
        <line num="35" count="5" type="stmt"/>
        <line num="36" count="5" type="stmt"/>
        <line num="40" count="9" type="stmt"/>
        <line num="41" count="9" type="stmt"/>
        <line num="45" count="4" type="stmt"/>
        <line num="46" count="4" type="stmt"/>
        <line num="47" count="4" type="cond" truecount="2" falsecount="0"/>
        <line num="48" count="3" type="stmt"/>
        <line num="53" count="2" type="stmt"/>
        <line num="56" count="9" type="stmt"/>
      </file>
    </package>
    <package name="utils">
      <metrics statements="17" coveredstatements="16" conditionals="13" coveredconditionals="8" methods="4" coveredmethods="4"/>
      <file name="auth.js" path="C:\b-iconique\frontend\src\utils\auth.js">
        <metrics statements="17" coveredstatements="16" conditionals="13" coveredconditionals="8" methods="4" coveredmethods="4"/>
        <line num="2" count="16" type="stmt"/>
        <line num="3" count="16" type="cond" truecount="2" falsecount="0"/>
        <line num="4" count="15" type="stmt"/>
        <line num="5" count="15" type="stmt"/>
        <line num="6" count="15" type="cond" truecount="2" falsecount="0"/>
        <line num="7" count="1" type="stmt"/>
        <line num="8" count="1" type="stmt"/>
        <line num="10" count="14" type="stmt"/>
        <line num="11" count="14" type="stmt"/>
        <line num="13" count="0" type="stmt"/>
        <line num="18" count="2" type="stmt"/>
        <line num="19" count="2" type="cond" truecount="1" falsecount="1"/>
        <line num="23" count="1" type="stmt"/>
        <line num="27" count="11" type="stmt"/>
        <line num="28" count="11" type="cond" truecount="1" falsecount="1"/>
        <line num="30" count="11" type="cond" truecount="1" falsecount="2"/>
        <line num="31" count="11" type="cond" truecount="1" falsecount="1"/>
      </file>
    </package>
  </project>
</coverage>
