{"C:\\b-iconique\\frontend\\src\\Context\\FavorisContext.jsx": {"path":"C:\\b-iconique\\frontend\\src\\Context\\FavorisContext.jsx","statementMap":{"0":{"start":{"line":4,"column":23},"end":{"line":4,"column":38}},"1":{"start":{"line":7,"column":2},"end":{"line":7,"column":36}},"2":{"start":{"line":11,"column":2},"end":{"line":11,"column":41}},"3":{"start":{"line":15,"column":32},"end":{"line":15,"column":48}},"4":{"start":{"line":16,"column":32},"end":{"line":20,"column":4}},"5":{"start":{"line":17,"column":4},"end":{"line":19,"column":26}},"6":{"start":{"line":18,"column":6},"end":{"line":18,"column":62}},"7":{"start":{"line":19,"column":14},"end":{"line":19,"column":24}},"8":{"start":{"line":22,"column":2},"end":{"line":38,"column":16}},"9":{"start":{"line":23,"column":26},"end":{"line":31,"column":5}},"10":{"start":{"line":24,"column":21},"end":{"line":24,"column":29}},"11":{"start":{"line":25,"column":6},"end":{"line":30,"column":7}},"12":{"start":{"line":26,"column":8},"end":{"line":26,"column":27}},"13":{"start":{"line":27,"column":8},"end":{"line":29,"column":35}},"14":{"start":{"line":28,"column":10},"end":{"line":28,"column":69}},"15":{"start":{"line":29,"column":18},"end":{"line":29,"column":33}},"16":{"start":{"line":32,"column":4},"end":{"line":32,"column":54}},"17":{"start":{"line":33,"column":4},"end":{"line":33,"column":52}},"18":{"start":{"line":34,"column":4},"end":{"line":37,"column":6}},"19":{"start":{"line":35,"column":6},"end":{"line":35,"column":59}},"20":{"start":{"line":36,"column":6},"end":{"line":36,"column":57}},"21":{"start":{"line":40,"column":2},"end":{"line":42,"column":25}},"22":{"start":{"line":41,"column":4},"end":{"line":41,"column":59}},"23":{"start":{"line":45,"column":4},"end":{"line":49,"column":7}},"24":{"start":{"line":46,"column":21},"end":{"line":46,"column":56}},"25":{"start":{"line":46,"column":36},"end":{"line":46,"column":55}},"26":{"start":{"line":47,"column":6},"end":{"line":47,"column":63}},"27":{"start":{"line":47,"column":18},"end":{"line":47,"column":63}},"28":{"start":{"line":47,"column":42},"end":{"line":47,"column":61}},"29":{"start":{"line":48,"column":6},"end":{"line":48,"column":32}},"30":{"start":{"line":53,"column":4},"end":{"line":53,"column":42}},"31":{"start":{"line":53,"column":29},"end":{"line":53,"column":40}},"32":{"start":{"line":56,"column":2},"end":{"line":60,"column":4}}},"fnMap":{"0":{"name":"useFavoris","decl":{"start":{"line":6,"column":16},"end":{"line":6,"column":26}},"loc":{"start":{"line":6,"column":29},"end":{"line":8,"column":1}},"line":6},"1":{"name":"getKey","decl":{"start":{"line":10,"column":9},"end":{"line":10,"column":15}},"loc":{"start":{"line":10,"column":18},"end":{"line":12,"column":1}},"line":10},"2":{"name":"FavorisProvider","decl":{"start":{"line":14,"column":16},"end":{"line":14,"column":31}},"loc":{"start":{"line":14,"column":46},"end":{"line":61,"column":1}},"line":14},"3":{"name":"(anonymous_3)","decl":{"start":{"line":16,"column":41},"end":{"line":16,"column":42}},"loc":{"start":{"line":16,"column":47},"end":{"line":20,"column":3}},"line":16},"4":{"name":"(anonymous_4)","decl":{"start":{"line":22,"column":12},"end":{"line":22,"column":13}},"loc":{"start":{"line":22,"column":18},"end":{"line":38,"column":3}},"line":22},"5":{"name":"(anonymous_5)","decl":{"start":{"line":23,"column":26},"end":{"line":23,"column":27}},"loc":{"start":{"line":23,"column":32},"end":{"line":31,"column":5}},"line":23},"6":{"name":"(anonymous_6)","decl":{"start":{"line":34,"column":11},"end":{"line":34,"column":12}},"loc":{"start":{"line":34,"column":17},"end":{"line":37,"column":5}},"line":34},"7":{"name":"(anonymous_7)","decl":{"start":{"line":40,"column":12},"end":{"line":40,"column":13}},"loc":{"start":{"line":40,"column":18},"end":{"line":42,"column":3}},"line":40},"8":{"name":"toggleFavori","decl":{"start":{"line":44,"column":11},"end":{"line":44,"column":23}},"loc":{"start":{"line":44,"column":33},"end":{"line":50,"column":3}},"line":44},"9":{"name":"(anonymous_9)","decl":{"start":{"line":45,"column":15},"end":{"line":45,"column":16}},"loc":{"start":{"line":45,"column":23},"end":{"line":49,"column":5}},"line":45},"10":{"name":"(anonymous_10)","decl":{"start":{"line":46,"column":31},"end":{"line":46,"column":32}},"loc":{"start":{"line":46,"column":36},"end":{"line":46,"column":55}},"line":46},"11":{"name":"(anonymous_11)","decl":{"start":{"line":47,"column":37},"end":{"line":47,"column":38}},"loc":{"start":{"line":47,"column":42},"end":{"line":47,"column":61}},"line":47},"12":{"name":"isFavori","decl":{"start":{"line":52,"column":11},"end":{"line":52,"column":19}},"loc":{"start":{"line":52,"column":24},"end":{"line":54,"column":3}},"line":52},"13":{"name":"(anonymous_13)","decl":{"start":{"line":53,"column":24},"end":{"line":53,"column":25}},"loc":{"start":{"line":53,"column":29},"end":{"line":53,"column":40}},"line":53}},"branchMap":{"0":{"loc":{"start":{"line":11,"column":9},"end":{"line":11,"column":40}},"type":"binary-expr","locations":[{"start":{"line":11,"column":9},"end":{"line":11,"column":21}},{"start":{"line":11,"column":25},"end":{"line":11,"column":40}}],"line":11},"1":{"loc":{"start":{"line":18,"column":13},"end":{"line":18,"column":61}},"type":"binary-expr","locations":[{"start":{"line":18,"column":13},"end":{"line":18,"column":55}},{"start":{"line":18,"column":59},"end":{"line":18,"column":61}}],"line":18},"2":{"loc":{"start":{"line":25,"column":6},"end":{"line":30,"column":7}},"type":"if","locations":[{"start":{"line":25,"column":6},"end":{"line":30,"column":7}},{"start":{},"end":{}}],"line":25},"3":{"loc":{"start":{"line":28,"column":21},"end":{"line":28,"column":67}},"type":"binary-expr","locations":[{"start":{"line":28,"column":21},"end":{"line":28,"column":61}},{"start":{"line":28,"column":65},"end":{"line":28,"column":67}}],"line":28},"4":{"loc":{"start":{"line":47,"column":6},"end":{"line":47,"column":63}},"type":"if","locations":[{"start":{"line":47,"column":6},"end":{"line":47,"column":63}},{"start":{},"end":{}}],"line":47}},"s":{"0":1,"1":9,"2":10,"3":9,"4":9,"5":5,"6":5,"7":0,"8":9,"9":5,"10":0,"11":0,"12":0,"13":0,"14":0,"15":0,"16":5,"17":5,"18":5,"19":5,"20":5,"21":9,"22":9,"23":4,"24":4,"25":1,"26":4,"27":1,"28":1,"29":3,"30":2,"31":2,"32":9},"f":{"0":9,"1":10,"2":9,"3":5,"4":5,"5":0,"6":5,"7":9,"8":4,"9":4,"10":1,"11":1,"12":2,"13":2},"b":{"0":[10,0],"1":[5,5],"2":[0,0],"3":[0,0],"4":[1,3]},"_coverageSchema":"1a1c01bbd47fc00a2c39e90264f33305004495a9","hash":"6a3dccafae523de08a7be37678507b47e5cb41bc"}
,"C:\\b-iconique\\frontend\\src\\utils\\auth.js": {"path":"C:\\b-iconique\\frontend\\src\\utils\\auth.js","statementMap":{"0":{"start":{"line":2,"column":16},"end":{"line":2,"column":45}},"1":{"start":{"line":3,"column":2},"end":{"line":3,"column":26}},"2":{"start":{"line":3,"column":14},"end":{"line":3,"column":26}},"3":{"start":{"line":4,"column":2},"end":{"line":14,"column":3}},"4":{"start":{"line":5,"column":20},"end":{"line":5,"column":57}},"5":{"start":{"line":6,"column":4},"end":{"line":9,"column":5}},"6":{"start":{"line":7,"column":6},"end":{"line":7,"column":39}},"7":{"start":{"line":8,"column":6},"end":{"line":8,"column":18}},"8":{"start":{"line":10,"column":4},"end":{"line":10,"column":48}},"9":{"start":{"line":11,"column":4},"end":{"line":11,"column":19}},"10":{"start":{"line":13,"column":4},"end":{"line":13,"column":16}},"11":{"start":{"line":18,"column":15},"end":{"line":18,"column":24}},"12":{"start":{"line":19,"column":2},"end":{"line":19,"column":54}},"13":{"start":{"line":23,"column":2},"end":{"line":23,"column":28}},"14":{"start":{"line":27,"column":15},"end":{"line":27,"column":24}},"15":{"start":{"line":28,"column":2},"end":{"line":28,"column":25}},"16":{"start":{"line":28,"column":13},"end":{"line":28,"column":25}},"17":{"start":{"line":30,"column":21},"end":{"line":30,"column":60}},"18":{"start":{"line":31,"column":2},"end":{"line":31,"column":50}}},"fnMap":{"0":{"name":"getUser","decl":{"start":{"line":1,"column":16},"end":{"line":1,"column":23}},"loc":{"start":{"line":1,"column":26},"end":{"line":15,"column":1}},"line":1},"1":{"name":"isAdmin","decl":{"start":{"line":17,"column":16},"end":{"line":17,"column":23}},"loc":{"start":{"line":17,"column":26},"end":{"line":20,"column":1}},"line":17},"2":{"name":"isLoggedIn","decl":{"start":{"line":22,"column":16},"end":{"line":22,"column":26}},"loc":{"start":{"line":22,"column":29},"end":{"line":24,"column":1}},"line":22},"3":{"name":"getUserKey","decl":{"start":{"line":26,"column":16},"end":{"line":26,"column":26}},"loc":{"start":{"line":26,"column":29},"end":{"line":32,"column":1}},"line":26}},"branchMap":{"0":{"loc":{"start":{"line":3,"column":2},"end":{"line":3,"column":26}},"type":"if","locations":[{"start":{"line":3,"column":2},"end":{"line":3,"column":26}},{"start":{},"end":{}}],"line":3},"1":{"loc":{"start":{"line":6,"column":4},"end":{"line":9,"column":5}},"type":"if","locations":[{"start":{"line":6,"column":4},"end":{"line":9,"column":5}},{"start":{},"end":{}}],"line":6},"2":{"loc":{"start":{"line":19,"column":9},"end":{"line":19,"column":53}},"type":"binary-expr","locations":[{"start":{"line":19,"column":9},"end":{"line":19,"column":44}},{"start":{"line":19,"column":48},"end":{"line":19,"column":53}}],"line":19},"3":{"loc":{"start":{"line":28,"column":2},"end":{"line":28,"column":25}},"type":"if","locations":[{"start":{"line":28,"column":2},"end":{"line":28,"column":25}},{"start":{},"end":{}}],"line":28},"4":{"loc":{"start":{"line":30,"column":21},"end":{"line":30,"column":60}},"type":"binary-expr","locations":[{"start":{"line":30,"column":21},"end":{"line":30,"column":34}},{"start":{"line":30,"column":38},"end":{"line":30,"column":48}},{"start":{"line":30,"column":52},"end":{"line":30,"column":60}}],"line":30},"5":{"loc":{"start":{"line":31,"column":9},"end":{"line":31,"column":49}},"type":"cond-expr","locations":[{"start":{"line":31,"column":22},"end":{"line":31,"column":42}},{"start":{"line":31,"column":45},"end":{"line":31,"column":49}}],"line":31}},"s":{"0":16,"1":16,"2":1,"3":15,"4":15,"5":15,"6":1,"7":1,"8":14,"9":14,"10":0,"11":2,"12":2,"13":1,"14":11,"15":11,"16":0,"17":11,"18":11},"f":{"0":16,"1":2,"2":1,"3":11},"b":{"0":[1,15],"1":[1,14],"2":[2,0],"3":[0,11],"4":[11,0,0],"5":[11,0]},"_coverageSchema":"1a1c01bbd47fc00a2c39e90264f33305004495a9","hash":"f6fca05e2c0bd1d00fa62e6ff4decf29f071c11a"}
}
