TN:
SF:src\Context\FavorisContext.jsx
FN:6,useFavoris
FN:10,getKey
FN:14,FavorisProvider
FN:16,(anonymous_3)
FN:22,(anonymous_4)
FN:23,(anonymous_5)
FN:34,(anonymous_6)
FN:40,(anonymous_7)
FN:44,toggleFavori
FN:45,(anonymous_9)
FN:46,(anonymous_10)
FN:47,(anonymous_11)
FN:52,isFavori
FN:53,(anonymous_13)
FNF:14
FNH:13
FNDA:9,useFavoris
FNDA:10,getKey
FNDA:9,FavorisProvider
FNDA:5,(anonymous_3)
FNDA:5,(anonymous_4)
FNDA:0,(anonymous_5)
FNDA:5,(anonymous_6)
FNDA:9,(anonymous_7)
FNDA:4,toggleFavori
FNDA:4,(anonymous_9)
FNDA:1,(anonymous_10)
FNDA:1,(anonymous_11)
FNDA:2,isFavori
FNDA:2,(anonymous_13)
DA:4,1
DA:7,9
DA:11,10
DA:15,9
DA:16,9
DA:17,5
DA:18,5
DA:19,0
DA:22,9
DA:23,5
DA:24,0
DA:25,0
DA:26,0
DA:27,0
DA:28,0
DA:29,0
DA:32,5
DA:33,5
DA:34,5
DA:35,5
DA:36,5
DA:40,9
DA:41,9
DA:45,4
DA:46,4
DA:47,4
DA:48,3
DA:53,2
DA:56,9
LF:29
LH:22
BRDA:11,0,0,10
BRDA:11,0,1,0
BRDA:18,1,0,5
BRDA:18,1,1,5
BRDA:25,2,0,0
BRDA:25,2,1,0
BRDA:28,3,0,0
BRDA:28,3,1,0
BRDA:47,4,0,1
BRDA:47,4,1,3
BRF:10
BRH:5
end_of_record
TN:
SF:src\utils\auth.js
FN:1,getUser
FN:17,isAdmin
FN:22,isLoggedIn
FN:26,getUserKey
FNF:4
FNH:4
FNDA:16,getUser
FNDA:2,isAdmin
FNDA:1,isLoggedIn
FNDA:11,getUserKey
DA:2,16
DA:3,16
DA:4,15
DA:5,15
DA:6,15
DA:7,1
DA:8,1
DA:10,14
DA:11,14
DA:13,0
DA:18,2
DA:19,2
DA:23,1
DA:27,11
DA:28,11
DA:30,11
DA:31,11
LF:17
LH:16
BRDA:3,0,0,1
BRDA:3,0,1,15
BRDA:6,1,0,1
BRDA:6,1,1,14
BRDA:19,2,0,2
BRDA:19,2,1,0
BRDA:28,3,0,0
BRDA:28,3,1,11
BRDA:30,4,0,11
BRDA:30,4,1,0
BRDA:30,4,2,0
BRDA:31,5,0,11
BRDA:31,5,1,0
BRF:13
BRH:8
end_of_record
